# JRE version: Java(TM) SE Runtime Environment (17.0.10+11) (build 17.0.10+11-LTS-240)
# Java VM: Java HotSpot(TM) 64-Bit Server VM (17.0.10+11-LTS-240, mixed mode, emulated-client, sharing, tiered, compressed oops, compressed class ptrs, g1 gc, windows-amd64)
GC Precious Log:
 CPUs: 4 total, 4 available
 Memory: 7815M
 Large Page Support: Disabled
 NUMA Support: Disabled
 Compressed Oops: Enabled (32-bit)
 Heap Region Size: 1M
 Heap Min Capacity: 8M
 Heap Initial Capacity: 124M
 Heap Max Capacity: 1954M
 Pre-touch: Disabled
 Parallel Workers: 4
 Concurrent Workers: 1
 Concurrent Refinement Workers: 4
 Periodic GC: Disabled
Heap:
 garbage-first heap   total 126976K, used 57699K [0x0000000085e00000, 0x0000000100000000)
  region size 1024K, 3 young (3072K), 3 survivors (3072K)
 Metaspace       used 68925K, committed 69440K, reserved 1114112K
  class space    used 9849K, committed 10112K, reserved 1048576K
GC Heap History (20 events):
Event: 18.319 GC heap after
{Heap after GC invocations=14 (full 0):
 garbage-first heap   total 66560K, used 27015K [0x0000000085e00000, 0x0000000100000000)
  region size 1024K, 4 young (4096K), 4 survivors (4096K)
 Metaspace       used 51403K, committed 51840K, reserved 1114112K
  class space    used 7235K, committed 7424K, reserved 1048576K
}
Event: 19.294 GC heap before
{Heap before GC invocations=14 (full 0):
 garbage-first heap   total 66560K, used 49543K [0x0000000085e00000, 0x0000000100000000)
  region size 1024K, 27 young (27648K), 4 survivors (4096K)
 Metaspace       used 58137K, committed 58624K, reserved 1114112K
  class space    used 8322K, committed 8512K, reserved 1048576K
}
Event: 19.303 GC heap after
{Heap after GC invocations=15 (full 0):
 garbage-first heap   total 66560K, used 28162K [0x0000000085e00000, 0x0000000100000000)
  region size 1024K, 2 young (2048K), 2 survivors (2048K)
 Metaspace       used 58137K, committed 58624K, reserved 1114112K
  class space    used 8322K, committed 8512K, reserved 1048576K
}
Event: 20.421 GC heap before
{Heap before GC invocations=15 (full 0):
 garbage-first heap   total 66560K, used 51714K [0x0000000085e00000, 0x0000000100000000)
  region size 1024K, 25 young (25600K), 2 survivors (2048K)
 Metaspace       used 62799K, committed 63296K, reserved 1114112K
  class space    used 9016K, committed 9216K, reserved 1048576K
}
Event: 20.428 GC heap after
{Heap after GC invocations=16 (full 0):
 garbage-first heap   total 66560K, used 29764K [0x0000000085e00000, 0x0000000100000000)
  region size 1024K, 3 young (3072K), 3 survivors (3072K)
 Metaspace       used 62799K, committed 63296K, reserved 1114112K
  class space    used 9016K, committed 9216K, reserved 1048576K
}
Event: 20.883 GC heap before
{Heap before GC invocations=16 (full 0):
 garbage-first heap   total 66560K, used 52292K [0x0000000085e00000, 0x0000000100000000)
  region size 1024K, 25 young (25600K), 3 survivors (3072K)
 Metaspace       used 65059K, committed 65536K, reserved 1114112K
  class space    used 9331K, committed 9536K, reserved 1048576K
}
Event: 20.891 GC heap after
{Heap after GC invocations=17 (full 0):
 garbage-first heap   total 66560K, used 30712K [0x0000000085e00000, 0x0000000100000000)
  region size 1024K, 3 young (3072K), 3 survivors (3072K)
 Metaspace       used 65059K, committed 65536K, reserved 1114112K
  class space    used 9331K, committed 9536K, reserved 1048576K
}
Event: 21.350 GC heap before
{Heap before GC invocations=17 (full 0):
 garbage-first heap   total 66560K, used 52216K [0x0000000085e00000, 0x0000000100000000)
  region size 1024K, 24 young (24576K), 3 survivors (3072K)
 Metaspace       used 66643K, committed 67200K, reserved 1114112K
  class space    used 9549K, committed 9792K, reserved 1048576K
}
Event: 21.359 GC heap after
{Heap after GC invocations=18 (full 0):
 garbage-first heap   total 66560K, used 32321K [0x0000000085e00000, 0x0000000100000000)
  region size 1024K, 3 young (3072K), 3 survivors (3072K)
 Metaspace       used 66643K, committed 67200K, reserved 1114112K
  class space    used 9549K, committed 9792K, reserved 1048576K
}
Event: 21.894 GC heap before
{Heap before GC invocations=18 (full 0):
 garbage-first heap   total 66560K, used 49729K [0x0000000085e00000, 0x0000000100000000)
  region size 1024K, 21 young (21504K), 3 survivors (3072K)
 Metaspace       used 68871K, committed 69440K, reserved 1114112K
  class space    used 9831K, committed 10112K, reserved 1048576K
}
Event: 21.906 GC heap after
{Heap after GC invocations=19 (full 0):
 garbage-first heap   total 79872K, used 34139K [0x0000000085e00000, 0x0000000100000000)
  region size 1024K, 2 young (2048K), 2 survivors (2048K)
 Metaspace       used 68871K, committed 69440K, reserved 1114112K
  class space    used 9831K, committed 10112K, reserved 1048576K
}
Event: 22.128 GC heap before
{Heap before GC invocations=19 (full 0):
 garbage-first heap   total 79872K, used 62811K [0x0000000085e00000, 0x0000000100000000)
  region size 1024K, 30 young (30720K), 2 survivors (2048K)
 Metaspace       used 68899K, committed 69440K, reserved 1114112K
  class space    used 9835K, committed 10112K, reserved 1048576K
}
Event: 22.139 GC heap after
{Heap after GC invocations=20 (full 0):
 garbage-first heap   total 79872K, used 39942K [0x0000000085e00000, 0x0000000100000000)
  region size 1024K, 4 young (4096K), 4 survivors (4096K)
 Metaspace       used 68899K, committed 69440K, reserved 1114112K
  class space    used 9835K, committed 10112K, reserved 1048576K
}
Event: 22.212 GC heap before
{Heap before GC invocations=20 (full 0):
 garbage-first heap   total 79872K, used 50182K [0x0000000085e00000, 0x0000000100000000)
  region size 1024K, 16 young (16384K), 4 survivors (4096K)
 Metaspace       used 68899K, committed 69440K, reserved 1114112K
  class space    used 9835K, committed 10112K, reserved 1048576K
}
Event: 22.221 GC heap after
{Heap after GC invocations=21 (full 0):
 garbage-first heap   total 79872K, used 43753K [0x0000000085e00000, 0x0000000100000000)
  region size 1024K, 4 young (4096K), 4 survivors (4096K)
 Metaspace       used 68899K, committed 69440K, reserved 1114112K
  class space    used 9835K, committed 10112K, reserved 1048576K
}
Event: 22.559 GC heap before
{Heap before GC invocations=22 (full 0):
 garbage-first heap   total 92160K, used 60137K [0x0000000085e00000, 0x0000000100000000)
  region size 1024K, 20 young (20480K), 4 survivors (4096K)
 Metaspace       used 68925K, committed 69440K, reserved 1114112K
  class space    used 9849K, committed 10112K, reserved 1048576K
}
Event: 22.572 GC heap after
{Heap after GC invocations=23 (full 0):
 garbage-first heap   total 92160K, used 48575K [0x0000000085e00000, 0x0000000100000000)
  region size 1024K, 3 young (3072K), 3 survivors (3072K)
 Metaspace       used 68925K, committed 69440K, reserved 1114112K
  class space    used 9849K, committed 10112K, reserved 1048576K
}
Event: 22.670 GC heap before
{Heap before GC invocations=23 (full 0):
 garbage-first heap   total 92160K, used 69055K [0x0000000085e00000, 0x0000000100000000)
  region size 1024K, 23 young (23552K), 3 survivors (3072K)
 Metaspace       used 68925K, committed 69440K, reserved 1114112K
  class space    used 9849K, committed 10112K, reserved 1048576K
}
Event: 22.679 GC heap after
{Heap after GC invocations=24 (full 0):
 garbage-first heap   total 92160K, used 53617K [0x0000000085e00000, 0x0000000100000000)
  region size 1024K, 3 young (3072K), 3 survivors (3072K)
 Metaspace       used 68925K, committed 69440K, reserved 1114112K
  class space    used 9849K, committed 10112K, reserved 1048576K
}
Event: 22.819 GC heap before
{Heap before GC invocations=24 (full 0):
 garbage-first heap   total 111616K, used 71025K [0x0000000085e00000, 0x0000000100000000)
  region size 1024K, 20 young (20480K), 3 survivors (3072K)
 Metaspace       used 68925K, committed 69440K, reserved 1114112K
  class space    used 9849K, committed 10112K, reserved 1048576K
}

