# JRE version: Java(TM) SE Runtime Environment (17.0.10+11) (build 17.0.10+11-LTS-240)
# Java VM: Java HotSpot(TM) 64-Bit Server VM (17.0.10+11-LTS-240, mixed mode, emulated-client, sharing, tiered, compressed oops, compressed class ptrs, g1 gc, windows-amd64)
GC Precious Log:
 CPUs: 4 total, 4 available
 Memory: 7815M
 Large Page Support: Disabled
 NUMA Support: Disabled
 Compressed Oops: Enabled (32-bit)
 Heap Region Size: 1M
 Heap Min Capacity: 8M
 Heap Initial Capacity: 124M
 Heap Max Capacity: 1954M
 Pre-touch: Disabled
 Parallel Workers: 4
 Concurrent Workers: 1
 Concurrent Refinement Workers: 4
 Periodic GC: Disabled
Heap:
 garbage-first heap   total 133120K, used 68481K [0x0000000085e00000, 0x0000000100000000)
  region size 1024K, 4 young (4096K), 4 survivors (4096K)
 Metaspace       used 69131K, committed 69696K, reserved 1114112K
  class space    used 9867K, committed 10112K, reserved 1048576K
GC Heap History (20 events):
Event: 14.009 GC heap after
{Heap after GC invocations=18 (full 0):
 garbage-first heap   total 79872K, used 32422K [0x0000000085e00000, 0x0000000100000000)
  region size 1024K, 3 young (3072K), 3 survivors (3072K)
 Metaspace       used 66773K, committed 67328K, reserved 1114112K
  class space    used 9564K, committed 9856K, reserved 1048576K
}
Event: 14.567 GC heap before
{Heap before GC invocations=18 (full 0):
 garbage-first heap   total 79872K, used 62118K [0x0000000085e00000, 0x0000000100000000)
  region size 1024K, 32 young (32768K), 3 survivors (3072K)
 Metaspace       used 69030K, committed 69632K, reserved 1114112K
  class space    used 9852K, committed 10112K, reserved 1048576K
}
Event: 14.582 GC heap after
{Heap after GC invocations=19 (full 0):
 garbage-first heap   total 79872K, used 37343K [0x0000000085e00000, 0x0000000100000000)
  region size 1024K, 4 young (4096K), 4 survivors (4096K)
 Metaspace       used 69030K, committed 69632K, reserved 1114112K
  class space    used 9852K, committed 10112K, reserved 1048576K
}
Event: 14.729 GC heap before
{Heap before GC invocations=19 (full 0):
 garbage-first heap   total 79872K, used 61919K [0x0000000085e00000, 0x0000000100000000)
  region size 1024K, 29 young (29696K), 4 survivors (4096K)
 Metaspace       used 69030K, committed 69632K, reserved 1114112K
  class space    used 9852K, committed 10112K, reserved 1048576K
}
Event: 14.742 GC heap after
{Heap after GC invocations=20 (full 0):
 garbage-first heap   total 79872K, used 44517K [0x0000000085e00000, 0x0000000100000000)
  region size 1024K, 4 young (4096K), 4 survivors (4096K)
 Metaspace       used 69030K, committed 69632K, reserved 1114112K
  class space    used 9852K, committed 10112K, reserved 1048576K
}
Event: 14.889 GC heap before
{Heap before GC invocations=20 (full 0):
 garbage-first heap   total 79872K, used 61925K [0x0000000085e00000, 0x0000000100000000)
  region size 1024K, 21 young (21504K), 4 survivors (4096K)
 Metaspace       used 69123K, committed 69696K, reserved 1114112K
  class space    used 9865K, committed 10112K, reserved 1048576K
}
Event: 14.903 GC heap after
{Heap after GC invocations=21 (full 0):
 garbage-first heap   total 79872K, used 49245K [0x0000000085e00000, 0x0000000100000000)
  region size 1024K, 3 young (3072K), 3 survivors (3072K)
 Metaspace       used 69123K, committed 69696K, reserved 1114112K
  class space    used 9865K, committed 10112K, reserved 1048576K
}
Event: 14.974 GC heap before
{Heap before GC invocations=21 (full 0):
 garbage-first heap   total 79872K, used 61533K [0x0000000085e00000, 0x0000000100000000)
  region size 1024K, 15 young (15360K), 3 survivors (3072K)
 Metaspace       used 69123K, committed 69696K, reserved 1114112K
  class space    used 9865K, committed 10112K, reserved 1048576K
}
Event: 14.982 GC heap after
{Heap after GC invocations=22 (full 0):
 garbage-first heap   total 123904K, used 52589K [0x0000000085e00000, 0x0000000100000000)
  region size 1024K, 2 young (2048K), 2 survivors (2048K)
 Metaspace       used 69123K, committed 69696K, reserved 1114112K
  class space    used 9865K, committed 10112K, reserved 1048576K
}
Event: 15.233 GC heap before
{Heap before GC invocations=23 (full 0):
 garbage-first heap   total 123904K, used 89453K [0x0000000085e00000, 0x0000000100000000)
  region size 1024K, 39 young (39936K), 2 survivors (2048K)
 Metaspace       used 69123K, committed 69696K, reserved 1114112K
  class space    used 9865K, committed 10112K, reserved 1048576K
}
Event: 15.250 GC heap after
{Heap after GC invocations=24 (full 0):
 garbage-first heap   total 123904K, used 61662K [0x0000000085e00000, 0x0000000100000000)
  region size 1024K, 5 young (5120K), 5 survivors (5120K)
 Metaspace       used 69123K, committed 69696K, reserved 1114112K
  class space    used 9865K, committed 10112K, reserved 1048576K
}
Event: 15.309 GC heap before
{Heap before GC invocations=24 (full 0):
 garbage-first heap   total 123904K, used 67806K [0x0000000085e00000, 0x0000000100000000)
  region size 1024K, 12 young (12288K), 5 survivors (5120K)
 Metaspace       used 69123K, committed 69696K, reserved 1114112K
  class space    used 9865K, committed 10112K, reserved 1048576K
}
Event: 15.320 GC heap after
{Heap after GC invocations=25 (full 0):
 garbage-first heap   total 123904K, used 64072K [0x0000000085e00000, 0x0000000100000000)
  region size 1024K, 3 young (3072K), 3 survivors (3072K)
 Metaspace       used 69123K, committed 69696K, reserved 1114112K
  class space    used 9865K, committed 10112K, reserved 1048576K
}
Event: 15.440 GC heap before
{Heap before GC invocations=25 (full 0):
 garbage-first heap   total 123904K, used 87624K [0x0000000085e00000, 0x0000000100000000)
  region size 1024K, 26 young (26624K), 3 survivors (3072K)
 Metaspace       used 69123K, committed 69696K, reserved 1114112K
  class space    used 9865K, committed 10112K, reserved 1048576K
}
Event: 15.450 GC heap after
{Heap after GC invocations=26 (full 0):
 garbage-first heap   total 123904K, used 69235K [0x0000000085e00000, 0x0000000100000000)
  region size 1024K, 4 young (4096K), 4 survivors (4096K)
 Metaspace       used 69123K, committed 69696K, reserved 1114112K
  class space    used 9865K, committed 10112K, reserved 1048576K
}
Event: 15.621 GC heap before
{Heap before GC invocations=27 (full 0):
 garbage-first heap   total 133120K, used 88691K [0x0000000085e00000, 0x0000000100000000)
  region size 1024K, 25 young (25600K), 4 survivors (4096K)
 Metaspace       used 69123K, committed 69696K, reserved 1114112K
  class space    used 9865K, committed 10112K, reserved 1048576K
}
Event: 15.632 GC heap after
{Heap after GC invocations=28 (full 0):
 garbage-first heap   total 133120K, used 72960K [0x0000000085e00000, 0x0000000100000000)
  region size 1024K, 4 young (4096K), 4 survivors (4096K)
 Metaspace       used 69123K, committed 69696K, reserved 1114112K
  class space    used 9865K, committed 10112K, reserved 1048576K
}
Event: 15.643 GC heap before
{Heap before GC invocations=28 (full 0):
 garbage-first heap   total 133120K, used 75008K [0x0000000085e00000, 0x0000000100000000)
  region size 1024K, 6 young (6144K), 4 survivors (4096K)
 Metaspace       used 69123K, committed 69696K, reserved 1114112K
  class space    used 9865K, committed 10112K, reserved 1048576K
}
Event: 15.652 GC heap after
{Heap after GC invocations=29 (full 0):
 garbage-first heap   total 133120K, used 65838K [0x0000000085e00000, 0x0000000100000000)
  region size 1024K, 1 young (1024K), 1 survivors (1024K)
 Metaspace       used 69123K, committed 69696K, reserved 1114112K
  class space    used 9865K, committed 10112K, reserved 1048576K
}
Event: 15.775 GC heap before
{Heap before GC invocations=29 (full 0):
 garbage-first heap   total 133120K, used 73006K [0x0000000085e00000, 0x0000000100000000)
  region size 1024K, 10 young (10240K), 1 survivors (1024K)
 Metaspace       used 69131K, committed 69696K, reserved 1114112K
  class space    used 9867K, committed 10112K, reserved 1048576K
}

