# JRE version: Java(TM) SE Runtime Environment (17.0.10+11) (build 17.0.10+11-LTS-240)
# Java VM: Java HotSpot(TM) 64-Bit Server VM (17.0.10+11-LTS-240, mixed mode, emulated-client, sharing, tiered, compressed oops, compressed class ptrs, g1 gc, windows-amd64)
GC Precious Log:
 CPUs: 4 total, 4 available
 Memory: 7815M
 Large Page Support: Disabled
 NUMA Support: Disabled
 Compressed Oops: Enabled (32-bit)
 Heap Region Size: 1M
 Heap Min Capacity: 8M
 Heap Initial Capacity: 124M
 Heap Max Capacity: 1954M
 Pre-touch: Disabled
 Parallel Workers: 4
 Concurrent Workers: 1
 Concurrent Refinement Workers: 4
 Periodic GC: Disabled
Heap:
 garbage-first heap   total 70656K, used 38632K [0x0000000085e00000, 0x0000000100000000)
  region size 1024K, 3 young (3072K), 3 survivors (3072K)
 Metaspace       used 68978K, committed 69504K, reserved 1114112K
  class space    used 9857K, committed 10112K, reserved 1048576K
GC Heap History (20 events):
Event: 6.606 GC heap after
{Heap after GC invocations=7 (full 0):
 garbage-first heap   total 58368K, used 17772K [0x0000000085e00000, 0x0000000100000000)
  region size 1024K, 2 young (2048K), 2 survivors (2048K)
 Metaspace       used 26501K, committed 26816K, reserved 1114112K
  class space    used 3630K, committed 3776K, reserved 1048576K
}
Event: 7.297 GC heap before
{Heap before GC invocations=7 (full 0):
 garbage-first heap   total 58368K, used 40300K [0x0000000085e00000, 0x0000000100000000)
  region size 1024K, 24 young (24576K), 2 survivors (2048K)
 Metaspace       used 29588K, committed 30016K, reserved 1114112K
  class space    used 4202K, committed 4352K, reserved 1048576K
}
Event: 7.310 GC heap after
{Heap after GC invocations=8 (full 0):
 garbage-first heap   total 70656K, used 19220K [0x0000000085e00000, 0x0000000100000000)
  region size 1024K, 3 young (3072K), 3 survivors (3072K)
 Metaspace       used 29588K, committed 30016K, reserved 1114112K
  class space    used 4202K, committed 4352K, reserved 1048576K
}
Event: 8.500 GC heap before
{Heap before GC invocations=8 (full 0):
 garbage-first heap   total 70656K, used 53012K [0x0000000085e00000, 0x0000000100000000)
  region size 1024K, 35 young (35840K), 3 survivors (3072K)
 Metaspace       used 34759K, committed 35200K, reserved 1114112K
  class space    used 4931K, committed 5184K, reserved 1048576K
}
Event: 8.514 GC heap after
{Heap after GC invocations=9 (full 0):
 garbage-first heap   total 70656K, used 22698K [0x0000000085e00000, 0x0000000100000000)
  region size 1024K, 5 young (5120K), 5 survivors (5120K)
 Metaspace       used 34759K, committed 35200K, reserved 1114112K
  class space    used 4931K, committed 5184K, reserved 1048576K
}
Event: 8.897 GC heap before
{Heap before GC invocations=9 (full 0):
 garbage-first heap   total 70656K, used 32938K [0x0000000085e00000, 0x0000000100000000)
  region size 1024K, 16 young (16384K), 5 survivors (5120K)
 Metaspace       used 35981K, committed 36416K, reserved 1114112K
  class space    used 5101K, committed 5312K, reserved 1048576K
}
Event: 8.908 GC heap after
{Heap after GC invocations=10 (full 0):
 garbage-first heap   total 70656K, used 23184K [0x0000000085e00000, 0x0000000100000000)
  region size 1024K, 1 young (1024K), 1 survivors (1024K)
 Metaspace       used 35981K, committed 36416K, reserved 1114112K
  class space    used 5101K, committed 5312K, reserved 1048576K
}
Event: 10.392 GC heap before
{Heap before GC invocations=11 (full 0):
 garbage-first heap   total 70656K, used 52880K [0x0000000085e00000, 0x0000000100000000)
  region size 1024K, 30 young (30720K), 1 survivors (1024K)
 Metaspace       used 45307K, committed 45760K, reserved 1114112K
  class space    used 6384K, committed 6592K, reserved 1048576K
}
Event: 10.402 GC heap after
{Heap after GC invocations=12 (full 0):
 garbage-first heap   total 70656K, used 25651K [0x0000000085e00000, 0x0000000100000000)
  region size 1024K, 4 young (4096K), 4 survivors (4096K)
 Metaspace       used 45307K, committed 45760K, reserved 1114112K
  class space    used 6384K, committed 6592K, reserved 1048576K
}
Event: 11.420 GC heap before
{Heap before GC invocations=13 (full 0):
 garbage-first heap   total 70656K, used 53299K [0x0000000085e00000, 0x0000000100000000)
  region size 1024K, 31 young (31744K), 4 survivors (4096K)
 Metaspace       used 52979K, committed 53376K, reserved 1114112K
  class space    used 7432K, committed 7616K, reserved 1048576K
}
Event: 11.428 GC heap after
{Heap after GC invocations=14 (full 0):
 garbage-first heap   total 70656K, used 27624K [0x0000000085e00000, 0x0000000100000000)
  region size 1024K, 2 young (2048K), 2 survivors (2048K)
 Metaspace       used 52979K, committed 53376K, reserved 1114112K
  class space    used 7432K, committed 7616K, reserved 1048576K
}
Event: 12.299 GC heap before
{Heap before GC invocations=14 (full 0):
 garbage-first heap   total 70656K, used 53224K [0x0000000085e00000, 0x0000000100000000)
  region size 1024K, 28 young (28672K), 2 survivors (2048K)
 Metaspace       used 59888K, committed 60352K, reserved 1114112K
  class space    used 8623K, committed 8832K, reserved 1048576K
}
Event: 12.304 GC heap after
{Heap after GC invocations=15 (full 0):
 garbage-first heap   total 70656K, used 28493K [0x0000000085e00000, 0x0000000100000000)
  region size 1024K, 3 young (3072K), 3 survivors (3072K)
 Metaspace       used 59888K, committed 60352K, reserved 1114112K
  class space    used 8623K, committed 8832K, reserved 1048576K
}
Event: 13.135 GC heap before
{Heap before GC invocations=15 (full 0):
 garbage-first heap   total 70656K, used 55117K [0x0000000085e00000, 0x0000000100000000)
  region size 1024K, 29 young (29696K), 3 survivors (3072K)
 Metaspace       used 64911K, committed 65472K, reserved 1114112K
  class space    used 9314K, committed 9600K, reserved 1048576K
}
Event: 13.146 GC heap after
{Heap after GC invocations=16 (full 0):
 garbage-first heap   total 70656K, used 30297K [0x0000000085e00000, 0x0000000100000000)
  region size 1024K, 3 young (3072K), 3 survivors (3072K)
 Metaspace       used 64911K, committed 65472K, reserved 1114112K
  class space    used 9314K, committed 9600K, reserved 1048576K
}
Event: 14.304 GC heap before
{Heap before GC invocations=16 (full 0):
 garbage-first heap   total 70656K, used 55897K [0x0000000085e00000, 0x0000000100000000)
  region size 1024K, 28 young (28672K), 3 survivors (3072K)
 Metaspace       used 66224K, committed 66816K, reserved 1114112K
  class space    used 9494K, committed 9792K, reserved 1048576K
}
Event: 14.313 GC heap after
{Heap after GC invocations=17 (full 0):
 garbage-first heap   total 70656K, used 31810K [0x0000000085e00000, 0x0000000100000000)
  region size 1024K, 4 young (4096K), 4 survivors (4096K)
 Metaspace       used 66224K, committed 66816K, reserved 1114112K
  class space    used 9494K, committed 9792K, reserved 1048576K
}
Event: 14.973 GC heap before
{Heap before GC invocations=17 (full 0):
 garbage-first heap   total 70656K, used 56386K [0x0000000085e00000, 0x0000000100000000)
  region size 1024K, 27 young (27648K), 4 survivors (4096K)
 Metaspace       used 68973K, committed 69504K, reserved 1114112K
  class space    used 9856K, committed 10112K, reserved 1048576K
}
Event: 14.986 GC heap after
{Heap after GC invocations=18 (full 0):
 garbage-first heap   total 70656K, used 35447K [0x0000000085e00000, 0x0000000100000000)
  region size 1024K, 4 young (4096K), 4 survivors (4096K)
 Metaspace       used 68973K, committed 69504K, reserved 1114112K
  class space    used 9856K, committed 10112K, reserved 1048576K
}
Event: 15.103 GC heap before
{Heap before GC invocations=18 (full 0):
 garbage-first heap   total 70656K, used 55927K [0x0000000085e00000, 0x0000000100000000)
  region size 1024K, 24 young (24576K), 4 survivors (4096K)
 Metaspace       used 68978K, committed 69504K, reserved 1114112K
  class space    used 9857K, committed 10112K, reserved 1048576K
}

