# JRE version: Java(TM) SE Runtime Environment (17.0.10+11) (build 17.0.10+11-LTS-240)
# Java VM: Java HotSpot(TM) 64-Bit Server VM (17.0.10+11-LTS-240, mixed mode, emulated-client, sharing, tiered, compressed oops, compressed class ptrs, g1 gc, windows-amd64)
GC Precious Log:
 CPUs: 4 total, 4 available
 Memory: 7815M
 Large Page Support: Disabled
 NUMA Support: Disabled
 Compressed Oops: Enabled (32-bit)
 Heap Region Size: 1M
 Heap Min Capacity: 8M
 Heap Initial Capacity: 124M
 Heap Max Capacity: 1954M
 Pre-touch: Disabled
 Parallel Workers: 4
 Concurrent Workers: 1
 Concurrent Refinement Workers: 4
 Periodic GC: Disabled
Heap:
 garbage-first heap   total 101376K, used 55830K [0x0000000085e00000, 0x0000000100000000)
  region size 1024K, 4 young (4096K), 4 survivors (4096K)
 Metaspace       used 68893K, committed 69440K, reserved 1114112K
  class space    used 9849K, committed 10112K, reserved 1048576K
GC Heap History (20 events):
Event: 12.674 GC heap after
{Heap after GC invocations=14 (full 0):
 garbage-first heap   total 66560K, used 26986K [0x0000000085e00000, 0x0000000100000000)
  region size 1024K, 4 young (4096K), 4 survivors (4096K)
 Metaspace       used 51800K, committed 52224K, reserved 1114112K
  class space    used 7277K, committed 7488K, reserved 1048576K
}
Event: 13.555 GC heap before
{Heap before GC invocations=14 (full 0):
 garbage-first heap   total 66560K, used 51562K [0x0000000085e00000, 0x0000000100000000)
  region size 1024K, 28 young (28672K), 4 survivors (4096K)
 Metaspace       used 58590K, committed 59008K, reserved 1114112K
  class space    used 8420K, committed 8640K, reserved 1048576K
}
Event: 13.563 GC heap after
{Heap after GC invocations=15 (full 0):
 garbage-first heap   total 66560K, used 28301K [0x0000000085e00000, 0x0000000100000000)
  region size 1024K, 2 young (2048K), 2 survivors (2048K)
 Metaspace       used 58590K, committed 59008K, reserved 1114112K
  class space    used 8420K, committed 8640K, reserved 1048576K
}
Event: 14.819 GC heap before
{Heap before GC invocations=15 (full 0):
 garbage-first heap   total 66560K, used 50829K [0x0000000085e00000, 0x0000000100000000)
  region size 1024K, 25 young (25600K), 2 survivors (2048K)
 Metaspace       used 63287K, committed 63808K, reserved 1114112K
  class space    used 9091K, committed 9344K, reserved 1048576K
}
Event: 14.827 GC heap after
{Heap after GC invocations=16 (full 0):
 garbage-first heap   total 66560K, used 29627K [0x0000000085e00000, 0x0000000100000000)
  region size 1024K, 3 young (3072K), 3 survivors (3072K)
 Metaspace       used 63287K, committed 63808K, reserved 1114112K
  class space    used 9091K, committed 9344K, reserved 1048576K
}
Event: 15.235 GC heap before
{Heap before GC invocations=16 (full 0):
 garbage-first heap   total 66560K, used 52155K [0x0000000085e00000, 0x0000000100000000)
  region size 1024K, 25 young (25600K), 3 survivors (3072K)
 Metaspace       used 65059K, committed 65600K, reserved 1114112K
  class space    used 9333K, committed 9600K, reserved 1048576K
}
Event: 15.245 GC heap after
{Heap after GC invocations=17 (full 0):
 garbage-first heap   total 66560K, used 30661K [0x0000000085e00000, 0x0000000100000000)
  region size 1024K, 3 young (3072K), 3 survivors (3072K)
 Metaspace       used 65059K, committed 65600K, reserved 1114112K
  class space    used 9333K, committed 9600K, reserved 1048576K
}
Event: 15.704 GC heap before
{Heap before GC invocations=17 (full 0):
 garbage-first heap   total 66560K, used 53189K [0x0000000085e00000, 0x0000000100000000)
  region size 1024K, 25 young (25600K), 3 survivors (3072K)
 Metaspace       used 66919K, committed 67456K, reserved 1114112K
  class space    used 9598K, committed 9856K, reserved 1048576K
}
Event: 15.714 GC heap after
{Heap after GC invocations=18 (full 0):
 garbage-first heap   total 66560K, used 32571K [0x0000000085e00000, 0x0000000100000000)
  region size 1024K, 3 young (3072K), 3 survivors (3072K)
 Metaspace       used 66919K, committed 67456K, reserved 1114112K
  class space    used 9598K, committed 9856K, reserved 1048576K
}
Event: 16.066 GC heap before
{Heap before GC invocations=18 (full 0):
 garbage-first heap   total 66560K, used 45883K [0x0000000085e00000, 0x0000000100000000)
  region size 1024K, 17 young (17408K), 3 survivors (3072K)
 Metaspace       used 68840K, committed 69376K, reserved 1114112K
  class space    used 9832K, committed 10112K, reserved 1048576K
}
Event: 16.077 GC heap after
{Heap after GC invocations=19 (full 0):
 garbage-first heap   total 79872K, used 33938K [0x0000000085e00000, 0x0000000100000000)
  region size 1024K, 2 young (2048K), 2 survivors (2048K)
 Metaspace       used 68840K, committed 69376K, reserved 1114112K
  class space    used 9832K, committed 10112K, reserved 1048576K
}
Event: 16.247 GC heap before
{Heap before GC invocations=19 (full 0):
 garbage-first heap   total 79872K, used 62610K [0x0000000085e00000, 0x0000000100000000)
  region size 1024K, 30 young (30720K), 2 survivors (2048K)
 Metaspace       used 68868K, committed 69440K, reserved 1114112K
  class space    used 9836K, committed 10112K, reserved 1048576K
}
Event: 16.256 GC heap after
{Heap after GC invocations=20 (full 0):
 garbage-first heap   total 79872K, used 40229K [0x0000000085e00000, 0x0000000100000000)
  region size 1024K, 4 young (4096K), 4 survivors (4096K)
 Metaspace       used 68868K, committed 69440K, reserved 1114112K
  class space    used 9836K, committed 10112K, reserved 1048576K
}
Event: 16.270 GC heap before
{Heap before GC invocations=20 (full 0):
 garbage-first heap   total 79872K, used 43301K [0x0000000085e00000, 0x0000000100000000)
  region size 1024K, 8 young (8192K), 4 survivors (4096K)
 Metaspace       used 68868K, committed 69440K, reserved 1114112K
  class space    used 9836K, committed 10112K, reserved 1048576K
}
Event: 16.277 GC heap after
{Heap after GC invocations=21 (full 0):
 garbage-first heap   total 79872K, used 41668K [0x0000000085e00000, 0x0000000100000000)
  region size 1024K, 2 young (2048K), 2 survivors (2048K)
 Metaspace       used 68868K, committed 69440K, reserved 1114112K
  class space    used 9836K, committed 10112K, reserved 1048576K
}
Event: 16.442 GC heap before
{Heap before GC invocations=21 (full 0):
 garbage-first heap   total 101376K, used 61124K [0x0000000085e00000, 0x0000000100000000)
  region size 1024K, 21 young (21504K), 2 survivors (2048K)
 Metaspace       used 68881K, committed 69440K, reserved 1114112K
  class space    used 9838K, committed 10112K, reserved 1048576K
}
Event: 16.455 GC heap after
{Heap after GC invocations=22 (full 0):
 garbage-first heap   total 101376K, used 48677K [0x0000000085e00000, 0x0000000100000000)
  region size 1024K, 3 young (3072K), 3 survivors (3072K)
 Metaspace       used 68881K, committed 69440K, reserved 1114112K
  class space    used 9838K, committed 10112K, reserved 1048576K
}
Event: 16.540 GC heap before
{Heap before GC invocations=23 (full 0):
 garbage-first heap   total 101376K, used 52773K [0x0000000085e00000, 0x0000000100000000)
  region size 1024K, 8 young (8192K), 3 survivors (3072K)
 Metaspace       used 68893K, committed 69440K, reserved 1114112K
  class space    used 9849K, committed 10112K, reserved 1048576K
}
Event: 16.547 GC heap after
{Heap after GC invocations=24 (full 0):
 garbage-first heap   total 101376K, used 49985K [0x0000000085e00000, 0x0000000100000000)
  region size 1024K, 1 young (1024K), 1 survivors (1024K)
 Metaspace       used 68893K, committed 69440K, reserved 1114112K
  class space    used 9849K, committed 10112K, reserved 1048576K
}
Event: 16.693 GC heap before
{Heap before GC invocations=24 (full 0):
 garbage-first heap   total 101376K, used 76609K [0x0000000085e00000, 0x0000000100000000)
  region size 1024K, 27 young (27648K), 1 survivors (1024K)
 Metaspace       used 68893K, committed 69440K, reserved 1114112K
  class space    used 9849K, committed 10112K, reserved 1048576K
}

